\BOOKMARK [1][-]{section.1}{\376\377\0001\000\040\000I\000n\000t\000r\000o\000d\000u\000c\000t\000i\000o\000n}{}% 1
\BOOKMARK [1][-]{section.2}{\376\377\0002\000\040\000S\000t\000a\000n\000d\000a\000r\000d\000\040\000B\000i\000g\000\040\000B\000a\000n\000g\000\040\000T\000h\000e\000o\000r\000y}{}% 2
\BOOKMARK [2][-]{subsection.2.1}{\376\377\0002\000.\0001\000\040\000C\000o\000s\000m\000o\000l\000o\000g\000i\000c\000a\000l\000\040\000p\000r\000i\000n\000c\000i\000p\000l\000e}{section.2}% 3
\BOOKMARK [2][-]{subsection.2.2}{\376\377\0002\000.\0002\000\040\000F\000L\000R\000W\000\040\000m\000e\000t\000r\000i\000c}{section.2}% 4
\BOOKMARK [2][-]{subsection.2.3}{\376\377\0002\000.\0003\000\040\000E\000i\000n\000s\000t\000e\000i\000n\000\040\000f\000i\000e\000l\000d\000\040\000e\000q\000u\000a\000t\000i\000o\000n\000s}{section.2}% 5
\BOOKMARK [2][-]{subsection.2.4}{\376\377\0002\000.\0004\000\040\000G\000e\000o\000m\000e\000t\000r\000i\000c\000\040\000q\000u\000a\000n\000t\000i\000t\000i\000e\000s}{section.2}% 6
\BOOKMARK [2][-]{subsection.2.5}{\376\377\0002\000.\0005\000\040\000F\000r\000i\000e\000d\000m\000a\000n\000n\000\040\000e\000q\000u\000a\000t\000i\000o\000n}{section.2}% 7
\BOOKMARK [2][-]{subsection.2.6}{\376\377\0002\000.\0006\000\040\000C\000o\000s\000m\000o\000l\000o\000g\000i\000c\000a\000l\000\040\000o\000b\000s\000e\000r\000v\000a\000t\000i\000o\000n\000s}{section.2}% 8
\BOOKMARK [1][-]{section.3}{\376\377\0003\000\040\000I\000n\000f\000l\000a\000t\000i\000o\000n}{}% 9
\BOOKMARK [2][-]{subsection.3.1}{\376\377\0003\000.\0001\000\040\000B\000i\000g\000\040\000B\000a\000n\000g\000'\000s\000\040\000p\000r\000o\000b\000l\000e\000m}{section.3}% 10
\BOOKMARK [2][-]{subsection.3.2}{\376\377\0003\000.\0002\000\040\000P\000r\000o\000b\000l\000e\000m\000\040\000s\000o\000l\000v\000i\000n\000g\000\040\000b\000y\000\040\000i\000n\000t\000r\000o\000d\000u\000c\000i\000n\000g\000\040\000I\000n\000f\000l\000a\000t\000i\000o\000n}{section.3}% 11
\BOOKMARK [2][-]{subsection.3.3}{\376\377\0003\000.\0003\000\040\000S\000c\000a\000l\000a\000r\000\040\000F\000i\000e\000l\000d\000\040\000D\000y\000n\000a\000m\000i\000c\000s}{section.3}% 12
\BOOKMARK [2][-]{subsection.3.4}{\376\377\0003\000.\0004\000\040\000S\000l\000o\000w\000-\000R\000o\000l\000l\000\040\000c\000o\000n\000d\000i\000t\000i\000o\000n\000s}{section.3}% 13
\BOOKMARK [2][-]{subsection.3.5}{\376\377\0003\000.\0005\000\040\000T\000y\000p\000i\000c\000a\000l\000\040\000I\000n\000f\000l\000a\000t\000i\000o\000n\000\040\000M\000o\000d\000e\000l\000s}{section.3}% 14
\BOOKMARK [1][-]{section.4}{\376\377\0004\000\040\000I\000n\000f\000l\000a\000t\000i\000o\000n\000\040\000M\000o\000d\000e\000l\000s\000\040\000a\000n\000d\000\040\000C\000o\000s\000m\000o\000l\000o\000g\000i\000c\000a\000l\000\040\000O\000b\000s\000e\000r\000v\000a\000t\000i\000o\000n\000s}{}% 15
\BOOKMARK [2][-]{subsection.4.1}{\376\377\0004\000.\0001\000\040\000C\000o\000s\000m\000o\000l\000o\000g\000i\000c\000a\000l\000\040\000P\000e\000r\000t\000u\000r\000b\000a\000t\000i\000o\000n\000s}{section.4}% 16
\BOOKMARK [2][-]{subsection.4.2}{\376\377\0004\000.\0002\000\040\000L\000i\000m\000i\000t\000a\000t\000i\000o\000n\000s\000\040\000o\000n\000\040\000I\000n\000f\000l\000a\000t\000i\000o\000n\000\040\000M\000o\000d\000e\000l\000s}{section.4}% 17
\BOOKMARK [1][-]{section.5}{\376\377\0005\000\040\000E\000x\000t\000e\000n\000s\000i\000o\000n\000s\000\040\000o\000f\000\040\000E\000i\000n\000s\000t\000e\000i\000n\000\040\000G\000e\000n\000e\000r\000a\000l\000\040\000R\000e\000l\000a\000t\000i\000v\000i\000t\000y}{}% 18
\BOOKMARK [2][-]{subsection.5.1}{\376\377\0005\000.\0001\000\040\000S\000t\000a\000r\000o\000b\000i\000n\000s\000k\000y\000\040\000I\000n\000f\000l\000a\000t\000i\000o\000n\000\040\000m\000o\000d\000e\000l}{section.5}% 19
\BOOKMARK [2][-]{subsection.5.2}{\376\377\0005\000.\0002\000\040\000f\000\050\000R\000\051\000\040\000g\000r\000a\000v\000i\000t\000y}{section.5}% 20
\BOOKMARK [1][-]{section.6}{\376\377\0006\000\040\000C\000o\000n\000c\000l\000u\000s\000i\000o\000n}{}% 21
\BOOKMARK [1][-]{section.6}{\376\377\000R\000e\000f\000e\000r\000e\000n\000c\000e\000s}{}% 22
